<?xml version="1.0" encoding="UTF-8"?>
<!-- Generated by org.testng.reporters.JUnitReportReporter -->
<testsuite hostname="altorum007-Karthik-Hebbar" failures="2" tests="2" name="cucumberrunner.TestNGTestRunner" time="31.932" errors="0" timestamp="2023-05-30T11:44:45 IST" skipped="0">
  <testcase classname="cucumberrunner.TestNGTestRunner" name="runScenario" time="18.883">
    <failure message="Login page is not loaded expected [true] but found [false]" type="java.lang.AssertionError">
      <![CDATA[java.lang.AssertionError: Login page is not loaded expected [true] but found [false]
at org.testng.Assert.fail(Assert.java:110)
at org.testng.Assert.failNotEquals(Assert.java:1577)
at org.testng.Assert.assertTrue(Assert.java:56)
at pageobjects.Loginpage.ensureLoginpage(Loginpage.java:25)
at stepdefinitions.Loginsteps.i_am_on_the_login_page_of_the_website(Loginsteps.java:22)
at ✽.I am on the login page of the website(file:///home/altorum007/Documents/automation-projects/bdd-framework/src/test/java/features/Login.feature:6)
]]>
    </failure>
  </testcase> <!-- runScenario -->
  <system-out/>
  <testcase classname="cucumberrunner.TestNGTestRunner" name="runScenario" time="13.049">
    <failure message="Login page is not loaded expected [true] but found [false]" type="java.lang.AssertionError">
      <![CDATA[java.lang.AssertionError: Login page is not loaded expected [true] but found [false]
at org.testng.Assert.fail(Assert.java:110)
at org.testng.Assert.failNotEquals(Assert.java:1577)
at org.testng.Assert.assertTrue(Assert.java:56)
at pageobjects.Loginpage.ensureLoginpage(Loginpage.java:25)
at stepdefinitions.Loginsteps.i_am_on_the_login_page_of_the_website(Loginsteps.java:22)
at ✽.I am on the login page of the website(file:///home/altorum007/Documents/automation-projects/bdd-framework/src/test/java/features/Login.feature:6)
]]>
    </failure>
  </testcase> <!-- runScenario -->
  <system-out/>
</testsuite> <!-- cucumberrunner.TestNGTestRunner -->
